[2025-11-27 08:43:37.415] [main] [WARN ] m.k.objects.main.getAirLocalData - java.base/java.io.FileInputStream.open0(Native Method)
java.base/java.io.FileInputStream.open(FileInputStream.java:213)
java.base/java.io.FileInputStream.<init>(FileInputStream.java:152)
java.base/java.io.FileReader.<init>(FileReader.java:75)
me.kirito5572.objects.main.getAirLocalData.get_API(getAirLocalData.java:41)
me.kirito5572.objects.main.getAirLocalData.main(getAirLocalData.java:153)

[2025-11-27 08:43:37.629] [main] [WARN ] m.k.objects.main.getAirLocalData - java.base/jdk.internal.math.FloatingDecimal.readJavaFormatString(FloatingDecimal.java:2054)
java.base/jdk.internal.math.FloatingDecimal.parseFloat(FloatingDecimal.java:122)
java.base/java.lang.Float.parseFloat(Float.java:556)
com.google.gson.JsonPrimitive.getAsFloat(JsonPrimitive.java:205)
me.kirito5572.objects.main.getAirLocalData.get_API(getAirLocalData.java:108)
me.kirito5572.objects.main.getAirLocalData.main(getAirLocalData.java:153)

[2025-11-27 08:44:05.484] [main] [WARN ] m.k.objects.main.getAirLocalData - java.base/java.io.FileInputStream.open0(Native Method)
java.base/java.io.FileInputStream.open(FileInputStream.java:213)
java.base/java.io.FileInputStream.<init>(FileInputStream.java:152)
java.base/java.io.FileReader.<init>(FileReader.java:75)
me.kirito5572.objects.main.getAirLocalData.get_API(getAirLocalData.java:41)
me.kirito5572.objects.main.getAirLocalData.main(getAirLocalData.java:153)

[2025-11-27 08:44:06.478] [main] [WARN ] m.k.objects.main.getAirLocalData - com.google.gson.JsonElement.getAsString(JsonElement.java:251)
me.kirito5572.objects.main.getAirLocalData.get_API(getAirLocalData.java:126)
me.kirito5572.objects.main.getAirLocalData.main(getAirLocalData.java:153)

[2025-11-27 08:44:48.559] [main] [WARN ] m.k.objects.main.getAirLocalData - java.base/java.io.FileInputStream.open0(Native Method)
java.base/java.io.FileInputStream.open(FileInputStream.java:213)
java.base/java.io.FileInputStream.<init>(FileInputStream.java:152)
java.base/java.io.FileReader.<init>(FileReader.java:75)
me.kirito5572.objects.main.getAirLocalData.get_API(getAirLocalData.java:41)
me.kirito5572.objects.main.getAirLocalData.main(getAirLocalData.java:153)

[2025-11-27 08:49:02.301] [main] [WARN ] m.k.objects.main.getAirLocalData - java.base/java.io.FileInputStream.open0(Native Method)
java.base/java.io.FileInputStream.open(FileInputStream.java:213)
java.base/java.io.FileInputStream.<init>(FileInputStream.java:152)
java.base/java.io.FileReader.<init>(FileReader.java:75)
me.kirito5572.objects.main.getAirLocalData.get_API(getAirLocalData.java:41)
me.kirito5572.objects.main.getAirLocalData.main(getAirLocalData.java:153)

[2025-11-27 09:03:08.727] [main] [WARN ] m.k.objects.main.getAirLocalData - java.base/java.io.FileInputStream.open0(Native Method)
java.base/java.io.FileInputStream.open(FileInputStream.java:213)
java.base/java.io.FileInputStream.<init>(FileInputStream.java:152)
java.base/java.io.FileReader.<init>(FileReader.java:75)
me.kirito5572.objects.main.getAirLocalData.get_API(getAirLocalData.java:41)
me.kirito5572.objects.main.getAirLocalData.main(getAirLocalData.java:153)

[2025-11-27 09:03:09.542] [main] [WARN ] m.k.objects.main.getAirLocalData - com.google.gson.JsonElement.getAsString(JsonElement.java:251)
me.kirito5572.objects.main.getAirLocalData.get_API(getAirLocalData.java:126)
me.kirito5572.objects.main.getAirLocalData.main(getAirLocalData.java:153)

[2025-11-27 09:05:36.027] [main] [WARN ] m.k.objects.main.getAirLocalData - java.base/java.io.FileInputStream.open0(Native Method)
java.base/java.io.FileInputStream.open(FileInputStream.java:213)
java.base/java.io.FileInputStream.<init>(FileInputStream.java:152)
java.base/java.io.FileReader.<init>(FileReader.java:75)
me.kirito5572.objects.main.getAirLocalData.get_API(getAirLocalData.java:41)
me.kirito5572.objects.main.getAirLocalData.main(getAirLocalData.java:154)

[2025-11-27 09:05:36.170] [main] [WARN ] m.k.objects.main.getAirLocalData - com.google.gson.JsonElement.getAsString(JsonElement.java:251)
me.kirito5572.objects.main.getAirLocalData.get_API(getAirLocalData.java:127)
me.kirito5572.objects.main.getAirLocalData.main(getAirLocalData.java:154)

[2025-11-27 09:05:52.153] [main] [WARN ] m.k.objects.main.getAirLocalData - java.base/java.io.FileInputStream.open0(Native Method)
java.base/java.io.FileInputStream.open(FileInputStream.java:213)
java.base/java.io.FileInputStream.<init>(FileInputStream.java:152)
java.base/java.io.FileReader.<init>(FileReader.java:75)
me.kirito5572.objects.main.getAirLocalData.get_API(getAirLocalData.java:41)
me.kirito5572.objects.main.getAirLocalData.main(getAirLocalData.java:154)

[2025-11-27 09:05:52.308] [main] [WARN ] m.k.objects.main.getAirLocalData - com.google.gson.JsonElement.getAsString(JsonElement.java:251)
me.kirito5572.objects.main.getAirLocalData.get_API(getAirLocalData.java:127)
me.kirito5572.objects.main.getAirLocalData.main(getAirLocalData.java:154)

[2025-11-27 09:05:56.011] [main] [WARN ] m.k.objects.main.getAirLocalData - java.base/java.io.FileInputStream.open0(Native Method)
java.base/java.io.FileInputStream.open(FileInputStream.java:213)
java.base/java.io.FileInputStream.<init>(FileInputStream.java:152)
java.base/java.io.FileReader.<init>(FileReader.java:75)
me.kirito5572.objects.main.getAirLocalData.get_API(getAirLocalData.java:41)
me.kirito5572.objects.main.getAirLocalData.main(getAirLocalData.java:154)

[2025-11-27 09:07:29.695] [main] [WARN ] m.k.objects.main.getAirLocalData - java.base/java.io.FileInputStream.open0(Native Method)
java.base/java.io.FileInputStream.open(FileInputStream.java:213)
java.base/java.io.FileInputStream.<init>(FileInputStream.java:152)
java.base/java.io.FileReader.<init>(FileReader.java:75)
me.kirito5572.objects.main.getAirLocalData.get_API(getAirLocalData.java:41)
me.kirito5572.objects.main.getAirLocalData.main(getAirLocalData.java:154)

[2025-11-27 09:07:30.379] [main] [WARN ] m.k.objects.main.getAirLocalData - com.google.gson.JsonElement.getAsString(JsonElement.java:251)
me.kirito5572.objects.main.getAirLocalData.get_API(getAirLocalData.java:127)
me.kirito5572.objects.main.getAirLocalData.main(getAirLocalData.java:154)

[2025-11-27 09:07:37.979] [main] [WARN ] m.k.objects.main.getAirLocalData - java.base/java.io.FileInputStream.open0(Native Method)
java.base/java.io.FileInputStream.open(FileInputStream.java:213)
java.base/java.io.FileInputStream.<init>(FileInputStream.java:152)
java.base/java.io.FileReader.<init>(FileReader.java:75)
me.kirito5572.objects.main.getAirLocalData.get_API(getAirLocalData.java:41)
me.kirito5572.objects.main.getAirLocalData.main(getAirLocalData.java:154)

[2025-11-27 09:07:59.006] [main] [WARN ] m.k.objects.main.getAirLocalData - java.base/java.io.FileInputStream.open0(Native Method)
java.base/java.io.FileInputStream.open(FileInputStream.java:213)
java.base/java.io.FileInputStream.<init>(FileInputStream.java:152)
java.base/java.io.FileReader.<init>(FileReader.java:75)
me.kirito5572.objects.main.getAirLocalData.get_API(getAirLocalData.java:41)
me.kirito5572.objects.main.getAirLocalData.main(getAirLocalData.java:154)

[2025-11-27 09:07:59.173] [main] [WARN ] m.k.objects.main.getAirLocalData - com.google.gson.JsonElement.getAsString(JsonElement.java:251)
me.kirito5572.objects.main.getAirLocalData.get_API(getAirLocalData.java:126)
me.kirito5572.objects.main.getAirLocalData.main(getAirLocalData.java:154)

[2025-11-27 09:08:05.440] [main] [WARN ] m.k.objects.main.getAirLocalData - java.base/java.io.FileInputStream.open0(Native Method)
java.base/java.io.FileInputStream.open(FileInputStream.java:213)
java.base/java.io.FileInputStream.<init>(FileInputStream.java:152)
java.base/java.io.FileReader.<init>(FileReader.java:75)
me.kirito5572.objects.main.getAirLocalData.get_API(getAirLocalData.java:41)
me.kirito5572.objects.main.getAirLocalData.main(getAirLocalData.java:154)

[2025-11-27 09:08:05.810] [main] [WARN ] m.k.objects.main.getAirLocalData - com.google.gson.JsonElement.getAsString(JsonElement.java:251)
me.kirito5572.objects.main.getAirLocalData.get_API(getAirLocalData.java:126)
me.kirito5572.objects.main.getAirLocalData.main(getAirLocalData.java:154)

[2025-11-27 09:08:24.952] [main] [WARN ] m.k.objects.main.getAirLocalData - java.base/java.io.FileInputStream.open0(Native Method)
java.base/java.io.FileInputStream.open(FileInputStream.java:213)
java.base/java.io.FileInputStream.<init>(FileInputStream.java:152)
java.base/java.io.FileReader.<init>(FileReader.java:75)
me.kirito5572.objects.main.getAirLocalData.get_API(getAirLocalData.java:41)
me.kirito5572.objects.main.getAirLocalData.main(getAirLocalData.java:154)

[2025-11-27 09:11:20.211] [main] [WARN ] m.k.objects.main.getAirLocalData - java.base/java.io.FileInputStream.open0(Native Method)
java.base/java.io.FileInputStream.open(FileInputStream.java:213)
java.base/java.io.FileInputStream.<init>(FileInputStream.java:152)
java.base/java.io.FileReader.<init>(FileReader.java:75)
me.kirito5572.objects.main.getAirLocalData.get_API(getAirLocalData.java:41)
me.kirito5572.objects.main.getAirLocalData.main(getAirLocalData.java:154)

[2025-11-27 09:11:33.836] [main] [WARN ] m.k.objects.main.getAirLocalData - java.base/java.io.FileInputStream.open0(Native Method)
java.base/java.io.FileInputStream.open(FileInputStream.java:213)
java.base/java.io.FileInputStream.<init>(FileInputStream.java:152)
java.base/java.io.FileReader.<init>(FileReader.java:75)
me.kirito5572.objects.main.getAirLocalData.get_API(getAirLocalData.java:41)
me.kirito5572.objects.main.getAirLocalData.main(getAirLocalData.java:154)

[2025-11-27 09:14:46.288] [main] [WARN ] m.k.objects.main.getAirLocalData - java.base/java.io.FileInputStream.open0(Native Method)
java.base/java.io.FileInputStream.open(FileInputStream.java:213)
java.base/java.io.FileInputStream.<init>(FileInputStream.java:152)
java.base/java.io.FileReader.<init>(FileReader.java:75)
me.kirito5572.objects.main.getAirLocalData.get_API(getAirLocalData.java:41)
me.kirito5572.objects.main.getAirLocalData.main(getAirLocalData.java:154)

[2025-11-27 09:14:46.627] [main] [WARN ] m.k.objects.main.getAirLocalData - java.base/jdk.internal.math.FloatingDecimal.readJavaFormatString(FloatingDecimal.java:2054)
java.base/jdk.internal.math.FloatingDecimal.parseFloat(FloatingDecimal.java:122)
java.base/java.lang.Float.parseFloat(Float.java:556)
com.google.gson.JsonPrimitive.getAsFloat(JsonPrimitive.java:205)
me.kirito5572.objects.main.getAirLocalData.get_API(getAirLocalData.java:108)
me.kirito5572.objects.main.getAirLocalData.main(getAirLocalData.java:154)

[2025-11-27 09:14:54.397] [main] [WARN ] m.k.objects.main.getAirLocalData - java.base/java.io.FileInputStream.open0(Native Method)
java.base/java.io.FileInputStream.open(FileInputStream.java:213)
java.base/java.io.FileInputStream.<init>(FileInputStream.java:152)
java.base/java.io.FileReader.<init>(FileReader.java:75)
me.kirito5572.objects.main.getAirLocalData.get_API(getAirLocalData.java:41)
me.kirito5572.objects.main.getAirLocalData.main(getAirLocalData.java:154)

[2025-11-27 09:30:52.252] [main] [WARN ] m.k.objects.main.getAirLocalData - java.base/java.io.FileInputStream.open0(Native Method)
java.base/java.io.FileInputStream.open(FileInputStream.java:213)
java.base/java.io.FileInputStream.<init>(FileInputStream.java:152)
java.base/java.io.FileReader.<init>(FileReader.java:75)
me.kirito5572.objects.main.getAirLocalData.get_API(getAirLocalData.java:41)
me.kirito5572.objects.main.getAirLocalData.main(getAirLocalData.java:170)

[2025-11-27 09:30:53.041] [main] [WARN ] m.k.objects.main.getAirLocalData - java.base/java.lang.NumberFormatException.forInputString(NumberFormatException.java:67)
java.base/java.lang.Integer.parseInt(Integer.java:652)
java.base/java.lang.Integer.parseInt(Integer.java:778)
com.google.gson.JsonPrimitive.getAsInt(JsonPrimitive.java:232)
me.kirito5572.objects.main.getAirLocalData.get_API(getAirLocalData.java:148)
me.kirito5572.objects.main.getAirLocalData.main(getAirLocalData.java:170)

[2025-11-27 09:32:58.209] [main] [WARN ] m.k.objects.main.getAirLocalData - java.base/java.io.FileInputStream.open0(Native Method)
java.base/java.io.FileInputStream.open(FileInputStream.java:213)
java.base/java.io.FileInputStream.<init>(FileInputStream.java:152)
java.base/java.io.FileReader.<init>(FileReader.java:75)
me.kirito5572.objects.main.getAirLocalData.get_API(getAirLocalData.java:41)
me.kirito5572.objects.main.getAirLocalData.main(getAirLocalData.java:170)

[2025-11-27 09:32:59.080] [main] [WARN ] m.k.objects.main.getAirLocalData - java.base/java.lang.NumberFormatException.forInputString(NumberFormatException.java:67)
java.base/java.lang.Integer.parseInt(Integer.java:652)
java.base/java.lang.Integer.parseInt(Integer.java:778)
com.google.gson.JsonPrimitive.getAsInt(JsonPrimitive.java:232)
me.kirito5572.objects.main.getAirLocalData.get_API(getAirLocalData.java:149)
me.kirito5572.objects.main.getAirLocalData.main(getAirLocalData.java:170)

[2025-11-27 09:33:09.283] [main] [WARN ] m.k.objects.main.getAirLocalData - java.base/java.io.FileInputStream.open0(Native Method)
java.base/java.io.FileInputStream.open(FileInputStream.java:213)
java.base/java.io.FileInputStream.<init>(FileInputStream.java:152)
java.base/java.io.FileReader.<init>(FileReader.java:75)
me.kirito5572.objects.main.getAirLocalData.get_API(getAirLocalData.java:41)
me.kirito5572.objects.main.getAirLocalData.main(getAirLocalData.java:170)

[2025-11-27 09:33:13.065] [main] [WARN ] m.k.objects.main.getAirLocalData - java.base/java.lang.NumberFormatException.forInputString(NumberFormatException.java:67)
java.base/java.lang.Integer.parseInt(Integer.java:652)
java.base/java.lang.Integer.parseInt(Integer.java:778)
com.google.gson.JsonPrimitive.getAsInt(JsonPrimitive.java:232)
me.kirito5572.objects.main.getAirLocalData.get_API(getAirLocalData.java:149)
me.kirito5572.objects.main.getAirLocalData.main(getAirLocalData.java:170)

[2025-11-27 09:33:25.087] [main] [WARN ] m.k.objects.main.getAirLocalData - java.base/java.io.FileInputStream.open0(Native Method)
java.base/java.io.FileInputStream.open(FileInputStream.java:213)
java.base/java.io.FileInputStream.<init>(FileInputStream.java:152)
java.base/java.io.FileReader.<init>(FileReader.java:75)
me.kirito5572.objects.main.getAirLocalData.get_API(getAirLocalData.java:41)
me.kirito5572.objects.main.getAirLocalData.main(getAirLocalData.java:170)

[2025-11-27 09:34:50.836] [main] [WARN ] m.k.objects.main.getAirLocalData - java.base/java.io.FileInputStream.open0(Native Method)
java.base/java.io.FileInputStream.open(FileInputStream.java:213)
java.base/java.io.FileInputStream.<init>(FileInputStream.java:152)
java.base/java.io.FileReader.<init>(FileReader.java:75)
me.kirito5572.objects.main.getAirLocalData.get_API(getAirLocalData.java:41)
me.kirito5572.objects.main.getAirLocalData.main(getAirLocalData.java:170)

[2025-11-27 09:34:50.979] [main] [WARN ] m.k.objects.main.getAirLocalData - java.base/java.lang.NumberFormatException.forInputString(NumberFormatException.java:67)
java.base/java.lang.Integer.parseInt(Integer.java:652)
java.base/java.lang.Integer.parseInt(Integer.java:778)
com.google.gson.JsonPrimitive.getAsInt(JsonPrimitive.java:232)
me.kirito5572.objects.main.getAirLocalData.get_API(getAirLocalData.java:149)
me.kirito5572.objects.main.getAirLocalData.main(getAirLocalData.java:170)

[2025-11-27 09:35:23.251] [main] [WARN ] m.k.objects.main.getAirLocalData - java.base/java.io.FileInputStream.open0(Native Method)
java.base/java.io.FileInputStream.open(FileInputStream.java:213)
java.base/java.io.FileInputStream.<init>(FileInputStream.java:152)
java.base/java.io.FileReader.<init>(FileReader.java:75)
me.kirito5572.objects.main.getAirLocalData.get_API(getAirLocalData.java:41)
me.kirito5572.objects.main.getAirLocalData.main(getAirLocalData.java:170)

[2025-11-27 10:53:07.984] [main] [WARN ] m.k.objects.main.GetAirLocalData - java.base/java.io.FileInputStream.open0(Native Method)
java.base/java.io.FileInputStream.open(FileInputStream.java:213)
java.base/java.io.FileInputStream.<init>(FileInputStream.java:152)
java.base/java.io.FileReader.<init>(FileReader.java:75)
me.kirito5572.objects.main.GetAirLocalData.get_API(GetAirLocalData.java:41)
me.kirito5572.objects.main.GetAirLocalData.main(GetAirLocalData.java:165)

[2025-11-27 13:18:36.395] [main] [WARN ] m.k.objects.main.GetAirLocalData - java.base/java.io.FileInputStream.open0(Native Method)
java.base/java.io.FileInputStream.open(FileInputStream.java:213)
java.base/java.io.FileInputStream.<init>(FileInputStream.java:152)
java.base/java.io.FileReader.<init>(FileReader.java:75)
me.kirito5572.objects.main.GetAirLocalData.get_API(GetAirLocalData.java:41)
me.kirito5572.objects.main.GetAirLocalData.main(GetAirLocalData.java:165)

[2025-11-27 13:20:47.415] [main] [WARN ] m.k.objects.main.GetAirLocalData - java.base/java.io.FileInputStream.open0(Native Method)
java.base/java.io.FileInputStream.open(FileInputStream.java:213)
java.base/java.io.FileInputStream.<init>(FileInputStream.java:152)
java.base/java.io.FileReader.<init>(FileReader.java:75)
me.kirito5572.objects.main.GetAirLocalData.get_API(GetAirLocalData.java:41)
me.kirito5572.objects.main.GetAirLocalData.main(GetAirLocalData.java:165)

[2025-11-27 13:37:24.357] [main] [WARN ] m.k.objects.main.GetAirLocalData - java.base/java.io.FileInputStream.open0(Native Method)
java.base/java.io.FileInputStream.open(FileInputStream.java:213)
java.base/java.io.FileInputStream.<init>(FileInputStream.java:152)
java.base/java.io.FileReader.<init>(FileReader.java:75)
me.kirito5572.objects.main.GetAirLocalData.get_API(GetAirLocalData.java:41)
me.kirito5572.objects.main.GetAirLocalData.main(GetAirLocalData.java:165)

[2025-11-27 13:37:50.272] [main] [WARN ] m.k.objects.main.GetAirLocalData - java.base/java.io.FileInputStream.open0(Native Method)
java.base/java.io.FileInputStream.open(FileInputStream.java:213)
java.base/java.io.FileInputStream.<init>(FileInputStream.java:152)
java.base/java.io.FileReader.<init>(FileReader.java:75)
me.kirito5572.objects.main.GetAirLocalData.get_API(GetAirLocalData.java:41)
me.kirito5572.objects.main.GetAirLocalData.main(GetAirLocalData.java:165)

